  bst.cpp
  main.cpp
D:\GitHub\Lessons\C-like lessons\C++ lessons\Structures\bst.cpp(41,19): error C2976: 'ms': too few template arguments
D:\GitHub\Lessons\C-like lessons\C++ lessons\Structures\bst.h(22): message : see declaration of 'ms'
D:\GitHub\Lessons\C-like lessons\C++ lessons\Structures\bst.cpp(40): message : while compiling class template member function 'void bst<int>::add(T)'
          with
          [
              T=int
          ]
D:\GitHub\Lessons\C-like lessons\C++ lessons\Structures\main.cpp(7): message : see reference to function template instantiation 'void bst<int>::add(T)' being compiled
          with
          [
              T=int
          ]
D:\GitHub\Lessons\C-like lessons\C++ lessons\Structures\main.cpp(6): message : see reference to class template instantiation 'bst<int>' being compiled
D:\GitHub\Lessons\C-like lessons\C++ lessons\Structures\bst.cpp(41): error C2062: type 'unknown-type' unexpected
D:\GitHub\Lessons\C-like lessons\C++ lessons\Structures\bst.cpp(42,18): error C2976: 'ms': too few template arguments
D:\GitHub\Lessons\C-like lessons\C++ lessons\Structures\bst.h(22): message : see declaration of 'ms'
D:\GitHub\Lessons\C-like lessons\C++ lessons\Structures\bst.cpp(42): error C2062: type 'unknown-type' unexpected
D:\GitHub\Lessons\C-like lessons\C++ lessons\Structures\bst.cpp(48,1): error C2679: binary '=': no operator found which takes a right-hand operand of type 'node<T> *' (or there is no acceptable conversion)
          with
          [
              T=int
          ]
C:\Program Files (x86)\Microsoft Visual Studio\2019\Community\VC\Tools\MSVC\14.28.29910\include\memory(1801,17): message : could be 'std::shared_ptr<node<T>> &std::shared_ptr<node<T>>::operator =(std::shared_ptr<node<T>> &&) noexcept'
          with
          [
              T=int
          ]
C:\Program Files (x86)\Microsoft Visual Studio\2019\Community\VC\Tools\MSVC\14.28.29910\include\memory(1790,17): message : or       'std::shared_ptr<node<T>> &std::shared_ptr<node<T>>::operator =(const std::shared_ptr<node<T>> &) noexcept'
          with
          [
              T=int
          ]
D:\GitHub\Lessons\C-like lessons\C++ lessons\Structures\bst.cpp(48,1): message : while trying to match the argument list '(std::shared_ptr<node<T>>, node<T> *)'
          with
          [
              T=int
          ]
D:\GitHub\Lessons\C-like lessons\C++ lessons\Structures\bst.cpp(49,14): error C2976: 'ms': too few template arguments
D:\GitHub\Lessons\C-like lessons\C++ lessons\Structures\bst.h(22): message : see declaration of 'ms'
D:\GitHub\Lessons\C-like lessons\C++ lessons\Structures\bst.cpp(49): error C2062: type 'unknown-type' unexpected
D:\GitHub\Lessons\C-like lessons\C++ lessons\Structures\bst.cpp(53,1): error C2679: binary '=': no operator found which takes a right-hand operand of type 'node<T> *' (or there is no acceptable conversion)
          with
          [
              T=int
          ]
C:\Program Files (x86)\Microsoft Visual Studio\2019\Community\VC\Tools\MSVC\14.28.29910\include\memory(1801,17): message : could be 'std::shared_ptr<node<T>> &std::shared_ptr<node<T>>::operator =(std::shared_ptr<node<T>> &&) noexcept'
          with
          [
              T=int
          ]
C:\Program Files (x86)\Microsoft Visual Studio\2019\Community\VC\Tools\MSVC\14.28.29910\include\memory(1790,17): message : or       'std::shared_ptr<node<T>> &std::shared_ptr<node<T>>::operator =(const std::shared_ptr<node<T>> &) noexcept'
          with
          [
              T=int
          ]
D:\GitHub\Lessons\C-like lessons\C++ lessons\Structures\bst.cpp(53,1): message : while trying to match the argument list '(std::shared_ptr<node<T>>, node<T> *)'
          with
          [
              T=int
          ]
D:\GitHub\Lessons\C-like lessons\C++ lessons\Structures\bst.cpp(54,14): error C2976: 'ms': too few template arguments
D:\GitHub\Lessons\C-like lessons\C++ lessons\Structures\bst.h(22): message : see declaration of 'ms'
D:\GitHub\Lessons\C-like lessons\C++ lessons\Structures\bst.cpp(54): error C2062: type 'unknown-type' unexpected
D:\GitHub\Lessons\C-like lessons\C++ lessons\Structures\bst.cpp(58,1): error C2440: '<function-style-cast>': cannot convert from 'initializer list' to 'node<T>'
          with
          [
              T=int
          ]
D:\GitHub\Lessons\C-like lessons\C++ lessons\Structures\bst.cpp(58,1): message : No constructor could take the source type, or constructor overload resolution was ambiguous
D:\GitHub\Lessons\C-like lessons\C++ lessons\Structures\bst.cpp(58,23): error C2512: 'node<T>': no appropriate default constructor available
          with
          [
              T=int
          ]
D:\GitHub\Lessons\C-like lessons\C++ lessons\Structures\bst.h(19,29): message : see declaration of 'node<T>'
          with
          [
              T=int
          ]
  Generating Code...
